19
667 7
88873 43725 75481 10428 53557 73064 48430 
15 45
84676 58969 18222 52748 35367 59235 87356 63399 26339 88411 8709 44189 42378 8958 59080 82100 87516 62621 14130 980 55773 79034 50277 49922 85505 83648 85045 79668 87066 37229 89219 44384 71190 12655 64192 5171 95288 22570 50057 97136 640 25771 98624 53369 64801 
104 54
35639 66805 93797 16248 26272 54611 53039 98845 65174 80343 49340 69418 22566 13050 83204 95619 57624 96734 29692 20911 51093 47165 73823 36575 87373 53550 21149 64295 44980 6276 22182 75719 32099 22098 21326 25208 3160 81443 141 59961 20568 94477 47235 54642 98458 4386 86878 86013 46697 68697 96133 6582 37849 91627 
960 111
49114 44261 4772 10246 51876 7544 17016 76539 94952 78074 30117 74361 25961 107 66862 63779 31336 5475 42225 39628 59943 26599 48316 42917 38070 11448 19431 43639 87445 62456 54891 2488 87712 51196 59687 12061 50052 66161 63356 12818 28768 31978 59494 84810 48563 46174 52327 59873 94999 77346 53154 35120 23922 72223 2051 44935 54522 71564 53485 265 62564 64418 50403 94718 59962 50486 89679 946 83591 54465 46962 29567 10869 21090 51861 9966 10637 88364 17116 74055 71219 33843 32705 87227 48693 60256 39021 31496 9546 12806 54143 5725 54444 5471 99784 84873 52636 96093 97687 99308 15855 79676 3101 65075 8638 84320 25355 9421 97240 78036 52283 
125 60
35213 72890 3838 15586 67868 33271 74396 6696 4215 10983 776 61415 98641 29476 80938 91387 61333 88234 16660 3144 52288 62003 9552 79930 11118 1730 66663 90535 1012 13446 7536 92625 79022 23365 19035 67549 45042 57470 55339 21451 14899 50575 502 29363 37535 1173 57407 74011 66935 52257 83354 14885 74990 24848 91190 23683 28641 60082 59866 36229 
632 31
79812 77063 12445 16299 22085 77217 944 31123 55182 5027 57027 10585 15471 87417 69568 344 98953 74111 83106 95255 48171 35370 9569 33200 17890 1602 68732 51585 85408 20601 50021 
345 99
10102 33481 19434 71301 38678 698 41904 58235 46239 967 71140 880 5633 82196 70269 9844 89511 47976 58714 49783 91040 2793 18924 22031 54833 47044 70045 51657 13096 32967 54759 90733 89275 48445 16279 49726 83797 58569 46918 54618 14136 69386 57587 67453 48436 35146 52092 62120 27876 2813 46541 60681 62251 81026 86962 25649 38844 93210 11569 94392 9072 8460 71580 53331 25490 25046 14529 35454 57555 85130 75269 13273 44631 4985 32687 32086 59800 53952 31543 79204 63367 18836 70007 34081 3643 12122 79533 11155 43678 67835 46830 77433 60044 40688 93506 53371 27194 909 18780 
243 10
62162 28938 92172 64527 30870 91058 49656 45330 68309 66439 
898 9
45905 50445 32408 94845 73995 24237 12771 97475 42235 
89 71
9553 33773 36590 88500 70496 73461 20161 89613 60332 53939 11365 15556 80963 39132 83901 55433 59862 84625 21103 97987 48740 29413 83934 77757 77537 34512 79615 44879 79813 96332 42953 92173 71836 75592 16971 70570 5593 59141 63207 25069 11181 14869 39342 75494 49601 86756 12351 84150 83761 58198 39542 65615 3868 56709 47550 56661 40236 37492 56354 54075 85356 81810 50040 97275 41125 20116 71383 50590 90749 58703 92744 
127 166
12558 31014 2689 23789 70028 77496 64358 22150 91765 79279 59523 68481 64294 94962 46453 22991 37644 39882 8588 68877 74849 66788 23978 91455 57398 35244 24278 15760 26769 59081 4153 55391 87635 96219 92028 2696 44471 78001 84053 67429 88266 72165 46627 84728 526 37605 16266 59896 89084 19709 18976 61415 43812 20701 87987 2286 32286 17651 12104 88751 19490 48953 43933 86775 5569 25641 30136 74049 57721 57174 95687 77426 35806 36695 65688 39690 15040 30355 32205 67221 88430 26328 13681 23855 84019 99219 87820 46709 83532 43662 48383 19691 9075 87014 93210 51460 4890 29470 87753 50538 28323 57417 54155 26343 9102 3290 35595 24177 18423 77077 55854 59389 32030 42336 52968 97215 90044 73486 32521 30591 14794 97415 56487 87293 4516 78249 301 54498 70611 43835 24364 28931 29480 45034 17246 5963 63291 28015 81732 15975 53453 61459 51446 70799 36412 23775 86514 38766 17350 91854 46697 80727 55052 58438 9588 86515 98764 44837 810 36983 58952 54581 39232 94682 644 63962 
12 102
19216 52179 43114 62768 61843 67488 80068 12150 82646 90933 67985 24470 21563 73110 54660 38541 25393 74065 62530 10766 48553 55695 51251 26483 53219 44291 52377 46640 5379 29332 57572 60422 84191 24032 17982 50245 26589 64986 15864 43215 90885 27099 1821 16375 64716 75958 15401 10240 69170 83451 88114 94606 18255 50471 4196 24298 21701 42820 84185 18828 37693 79318 40078 76380 6145 80921 85341 51717 54304 61577 51461 44671 60828 77084 40229 52634 58525 8656 32424 43 94576 15062 57232 65770 43364 51119 25368 32869 77001 29112 12245 98738 98291 64338 64175 3855 3208 92986 45685 24531 36229 11313 
645 16
19201 5871 17206 27327 40430 99709 41610 5428 98958 55827 25420 70748 75243 94335 25857 37503 
114 194
71077 88905 67996 17938 24738 25348 51397 54662 58154 57488 78445 5497 34951 40326 51661 79399 71202 327 54935 2092 2323 82029 87042 23543 81906 59353 35741 32095 51977 80534 12004 821 78132 21092 91592 54493 73117 90950 43368 97898 67949 38242 7698 42982 29605 27782 71622 20288 97512 18801 55389 17487 6635 59861 7781 53505 82152 93529 70316 2583 58616 99822 24433 59999 34988 29476 62697 87430 64818 83876 54024 46507 36136 23576 99893 76584 9910 41188 14199 68901 71935 4233 99972 28486 83031 48743 81652 1 3562 25323 6184 80622 940 61975 8916 49272 86734 36634 54718 41685 12805 71125 30134 86430 76565 78308 65528 14948 68869 24691 6118 62439 52111 8558 80417 98044 66610 30558 93127 45797 22320 40802 93470 30803 73166 33781 15729 76519 57281 88417 80846 73397 72811 71646 94030 935 25611 13262 2322 26252 70812 96131 95037 353 6027 27325 32086 44321 51653 72485 84977 68053 28931 62195 15025 59556 52751 72583 17914 92953 34149 48192 7546 67575 47188 90690 53029 55328 73295 43593 22807 6336 91702 94742 64326 94910 27269 57252 73304 72304 53712 17238 9241 38598 48937 70550 17686 56098 88977 48631 68062 281 63964 20937 
768 12
60741 88596 21646 56089 37805 47199 51531 51999 60129 4042 15314 72168 
610 203
19723 80022 46758 38887 69611 83909 7220 6673 58335 78961 2857 79718 22627 54015 44352 12358 83073 7307 46079 82710 59879 81530 96976 13789 29798 58099 39202 83587 4782 36164 53321 29024 82738 6382 77575 16376 27551 30253 23549 7971 66344 67596 53679 50814 95904 43710 57910 61949 40484 78272 69044 6304 16288 51525 2017 24718 2556 23104 4965 56183 46507 43343 56973 350 33879 64385 65338 38266 25449 34021 37809 99487 10466 19294 40090 66434 5494 36598 21251 48923 60818 23464 70392 30826 77919 21146 77148 39263 56761 49223 54627 62571 29717 43687 47079 55927 17484 90707 98867 15529 69319 98493 86382 73937 73008 16397 37643 8808 51343 84857 4436 52427 67142 55589 17175 44138 36182 16232 11309 20865 57200 2365 99951 40304 4533 47997 91613 29693 9804 72813 1347 72153 19020 9823 15866 76166 35888 24012 71434 21642 4476 31348 88698 98230 59394 52551 3935 5888 18519 95302 15809 76031 23702 24351 3263 41003 51300 20543 83839 15025 74686 60164 75791 66737 26865 75846 9206 53337 71205 17211 69038 58627 17445 35189 39114 86258 98350 46521 94180 26384 91827 98767 9645 87706 76763 4781 66882 53036 85987 45925 23479 34064 97655 78920 65640 6484 44519 12914 56564 63753 23454 8650 36756 
891 106
42892 50570 71771 71367 33668 90141 41101 7320 78547 62933 84664 78471 10667 97291 22889 73092 89399 28126 91580 37591 80995 31628 20905 78584 70699 94356 94268 92797 4188 55433 78982 99700 16794 76456 88269 87795 50422 99942 67024 44431 972 15018 18645 37640 92760 76797 37844 17284 62869 49351 92082 59052 11134 32962 31069 3569 39430 79526 58668 38522 62879 44237 17088 18417 58687 21847 29149 69081 14395 16611 62937 89902 58450 59160 74906 94748 68209 26733 55752 24388 27340 12787 49685 28076 55366 11428 52231 14527 50230 88725 60136 65971 1738 22149 42660 89404 64778 69676 13212 24538 6945 20258 66180 57316 96710 4758 
431 237
18426 21297 19075 55445 77011 21499 23237 40723 31021 69485 27480 45917 70601 34951 28992 96954 54005 95589 30469 47851 59992 18893 7502 32021 22890 96435 98710 73487 29528 12218 90678 15168 34921 29663 85834 3558 39103 65575 57392 90534 81610 28800 62134 72262 19662 82226 67951 73174 60992 13960 29290 34907 94081 55725 40295 39178 2858 30973 2588 81847 98972 95143 89330 40083 76058 22893 3999 68770 28068 16169 98151 92226 2244 85919 84077 33304 69665 24182 88229 50747 55982 84326 45169 46090 62689 8378 19487 47122 5598 40195 7263 8192 42621 62081 13851 8962 88687 4830 40750 80882 77572 79805 37863 13662 83313 99121 31827 85744 76694 81338 55605 90536 61119 62211 21800 21227 59108 99969 68838 75662 1431 43737 29436 91798 77951 29150 82369 71431 44210 95715 62512 71095 73379 93587 1977 39047 16612 20458 42173 92753 27545 98527 50381 4209 3181 94990 69962 13696 37827 80654 10757 82383 87171 1347 88294 61787 72195 4326 33436 45978 42558 76749 27932 22959 73950 76913 5894 6797 53527 95060 84812 29652 36765 31925 91329 25324 38638 71162 84565 63459 58690 24008 86951 74223 40671 86627 13449 84654 28893 50832 82137 69982 30304 96293 52499 91046 71145 44399 34793 99712 94467 29800 62357 36019 34093 45988 27976 66772 7642 63082 82346 10807 74407 85453 37402 87337 34143 60647 64060 77153 8907 79031 61302 5018 77206 83266 73701 21587 65585 55647 65912 2264 32588 66020 57162 12044 32501 
623 127
3931 20252 83369 24092 86257 2154 89825 26026 2711 79689 37120 50788 32961 85948 7741 59490 24805 6950 54057 17143 8985 29230 55592 43896 34588 12672 82048 45233 84895 28567 61914 20990 6301 83141 548 64180 80041 23324 4680 55520 55221 69506 65189 90669 75787 28662 41077 3207 24408 30441 87013 95527 18194 43246 85644 60921 23284 14592 69463 77105 63240 6118 65350 68157 72955 92568 788 75890 34431 61095 23316 51592 34313 84668 82086 50520 84897 59095 1436 32984 78204 64109 58402 24054 34388 8873 17721 74572 72385 61537 98620 75614 34787 26119 82542 27061 19896 84064 57256 21179 13286 58025 2101 21566 94138 35058 82091 75284 39731 66478 76221 17682 92080 67887 80973 82547 33196 67199 44160 23573 14264 19640 79680 3900 92509 49219 73871 
